2022/07/04 12:03:34 First log
2022/07/04 12:03:34 API is listening in the port:  8080
2022/07/04 12:04:14 Checking whether User exists.
2022/07/04 12:04:14 User exists.
2022/07/04 12:04:14 requested password password1
2022/07/04 12:04:14 dbPassword 7c6a180b36896a0a8c02787eeafb0e4c
2022/07/04 12:04:14 Requested Password 7c6a180b36896a0a8c02787eeafb0e4c
2022/07/04 12:04:14 DB Password 7c6a180b36896a0a8c02787eeafb0e4c
2022/07/04 12:04:41 Checking whether Admin exists.
2022/07/04 12:04:41 Please enter correct admin details
2022/07/04 12:05:17 Checking whether Admin exists.
2022/07/04 12:05:17 Requested Password 5f4dcc3b5aa765d61d8327deb882cf99
2022/07/04 12:05:17 DB Password 5f4dcc3b5aa765d61d8327deb882cf99
2022/07/04 12:05:48 token contains an invalid number of segments
2022/07/04 12:15:02 First log
2022/07/04 12:15:02 API is listening in the port:  8080
2022/07/04 12:15:31 Checking whether User exists.
2022/07/04 12:15:31 User exists.
2022/07/04 12:15:31 requested password password
2022/07/04 12:15:31 dbPassword 5f4dcc3b5aa765d61d8327deb882cf99
2022/07/04 12:15:31 Requested Password 5f4dcc3b5aa765d61d8327deb882cf99
2022/07/04 12:15:31 DB Password 5f4dcc3b5aa765d61d8327deb882cf99
2022/07/04 12:15:52 Logged in Successfully
2022/07/05 10:00:33 First log
2022/07/05 10:00:34 Database connection was succesful
2022/07/05 10:00:34 API is listening in the port:  8080
2022/07/05 10:01:14 Checking whether user exists.
2022/07/05 10:01:15 Hashed Password:  7c6a180b36896a0a8c02787eeafb0e4c
2022/07/05 10:01:15 Signed Up Successfully
2022/07/05 10:07:38 Checking whether user exists.
2022/07/05 10:07:38 Hashed Password:  7c6a180b36896a0a8c02787eeafb0e4c
2022/07/05 10:07:38 Signed Up Successfully
2022/07/05 12:32:39 First log
2022/07/05 12:32:39 Database connection was succesful
2022/07/05 12:32:39 API is listening in the port:  8080
2022/07/05 12:34:14 First log
2022/07/05 12:34:14 Database connection was succesful
2022/07/05 12:34:14 API is listening in the port:  8080
2022/07/05 12:34:21 Length of Token not equal to
2022/07/05 12:34:39 Checking whether Admin exists.
2022/07/05 12:34:39 Please enter correct admin details
2022/07/05 13:29:24 First log
2022/07/05 13:29:24 Error pinging Database
2022/07/05 13:29:24 pq: database "book_cart" does not exist
2022/07/05 13:29:51 First log
2022/07/05 13:29:51 Database connection was succesful
2022/07/05 13:29:51 API is listening in the port:  8080
2022/07/05 13:30:08 Checking whether Admin exists.
2022/07/05 13:30:08 Requested Password 5f4dcc3b5aa765d61d8327deb882cf99
2022/07/05 13:30:08 DB Password 5f4dcc3b5aa765d61d8327deb882cf99
2022/07/05 13:30:42 Product added.
2022/07/05 13:32:43 Length of Token not equal to
2022/07/06 11:20:54 First log
2022/07/06 11:20:54 Database connection was succesful
2022/07/06 11:20:54 API is listening in the port:  8080
2022/07/06 11:21:16 Checking whether Admin exists.
2022/07/06 11:21:16 Please enter correct admin details
2022/07/06 11:21:49 Checking whether Admin exists.
2022/07/06 11:21:49 Please enter correct admin details
2022/07/06 11:25:03 First log
2022/07/06 11:25:03 Database connection was succesful
2022/07/06 11:25:03 API is listening in the port:  8080
2022/07/06 11:25:22 Checking whether Admin exists.
2022/07/06 11:25:22 Please enter correct admin details
2022/07/06 11:32:40 First log
2022/07/06 11:32:40 Database connection was succesful
2022/07/06 11:32:40 API is listening in the port:  8080
2022/07/06 11:32:51 Checking whether Admin exists.
2022/07/06 11:34:37 Checking whether user exists.
2022/07/06 11:34:37 Hashed Password:  7c6a180b36896a0a8c02787eeafb0e4c
2022/07/06 11:34:37 Signed Up Successfully
2022/07/06 11:41:20 First log
2022/07/06 11:41:20 Database connection was succesful
2022/07/06 11:41:20 API is listening in the port:  8080
2022/07/06 11:46:56 First log
2022/07/06 11:46:56 Database connection was succesful
2022/07/06 11:46:56 API is listening in the port:  8080
2022/07/06 11:47:19 Updated the User Active Status
2022/07/06 11:48:58 First log
2022/07/06 11:48:58 Database connection was succesful
2022/07/06 11:48:58 API is listening in the port:  8080
2022/07/06 11:49:12 Checking whether user exists.
2022/07/06 11:49:12 Hashed Password:  7c6a180b36896a0a8c02787eeafb0e4c
2022/07/06 11:49:12 Signed Up Successfully
2022/07/06 13:28:30 First log
2022/07/06 13:28:30 Database connection was succesful
2022/07/06 13:28:30 API is listening in the port:  8080
2022/07/06 13:33:25 First log
2022/07/06 13:33:25 Database connection was succesful
2022/07/06 13:33:25 API is listening in the port:  8080
2022/07/06 14:51:44 First log
2022/07/06 14:51:45 Database connection was succesful
2022/07/06 14:51:45 API is listening in the port:  8080
2022/07/06 14:52:04 Checking whether Admin exists.
2022/07/06 14:52:04 Invalid Password.
2022/07/06 14:53:09 First log
2022/07/06 14:53:09 Database connection was succesful
2022/07/06 14:53:09 API is listening in the port:  8080
2022/07/06 14:53:15 Checking whether Admin exists.
2022/07/06 14:53:15 Invalid Password.
2022/07/06 14:57:12 First log
2022/07/06 14:57:12 Database connection was succesful
2022/07/06 14:57:12 API is listening in the port:  8080
2022/07/06 14:57:19 Checking whether Admin exists.
2022/07/06 14:57:19 Invalid Password.
2022/07/06 14:57:19 <nil>
2022/07/06 15:09:48 First log
2022/07/06 15:09:48 Database connection was succesful
2022/07/06 15:09:48 API is listening in the port:  8080
2022/07/06 15:09:56 Checking whether Admin exists.
2022/07/06 15:21:20 First log
2022/07/06 15:21:20 Database connection was succesful
2022/07/06 15:21:20 API is listening in the port:  8080
2022/07/06 15:21:29 Checking whether Admin exists.
2022/07/06 15:21:29 Successfull Admin Login
2022/07/06 15:23:03 First log
2022/07/06 15:23:03 Database connection was succesful
2022/07/06 15:23:03 API is listening in the port:  8080
2022/07/06 15:23:08 Checking whether Admin exists.
2022/07/06 15:23:08 Successfull Admin Login
2022/07/06 15:24:13 First log
2022/07/06 15:24:13 Database connection was succesful
2022/07/06 15:24:13 API is listening in the port:  8080
2022/07/06 15:24:19 Checking whether Admin exists.
2022/07/06 15:24:19 Successfull Admin Login
2022/07/06 15:25:29 Products are visible to the admin
2022/07/06 15:25:58 Product added.
2022/07/06 15:26:07 Products are visible to the admin
2022/07/08 12:41:08 First log
2022/07/08 12:41:08 Database connection was succesful
2022/07/08 12:41:49 First log
2022/07/08 12:41:49 Database connection was succesful
2022/07/08 12:41:49 API is listening in the port:  8080
2022/07/08 12:42:14 Checking whether user exists.
2022/07/08 12:42:14 User Already Exists.
2022/07/08 12:42:31 Checking whether User exists.
2022/07/08 12:42:31 User has been deactivated by Admin
2022/07/08 12:43:12 Checking whether User exists.
2022/07/08 12:43:12 User has been deactivated by Admin
2022/07/08 12:43:36 Checking whether user exists.
2022/07/08 12:43:36 Hashed Password:  7c6a180b36896a0a8c02787eeafb0e4c
2022/07/08 12:43:36 Signed Up Successfully
2022/07/08 12:43:59 Checking whether User exists.
2022/07/08 12:43:59 User has been deactivated by Admin
2022/07/08 13:18:49 Checking whether User exists.
2022/07/08 13:18:49 User has been deactivated by Admin
2022/07/08 13:21:57 First log
2022/07/08 13:21:58 Database connection was succesful
2022/07/08 13:21:58 API is listening in the port:  8080
2022/07/08 13:22:06 Checking whether User exists.
2022/07/08 13:22:06 {0 false   password1 justin@test.com 0 false 0 [] [] [] 0001-01-01 00:00:00 +0000 UTC 0001-01-01 00:00:00 +0000 UTC 0001-01-01 00:00:00 +0000 UTC}
2022/07/08 13:22:06 User has been deactivated by Admin
2022/07/08 13:23:11 Checking whether Admin exists.
2022/07/08 13:23:11 Successfull Admin Login
2022/07/08 13:31:54 First log
2022/07/08 13:31:55 Database connection was succesful
2022/07/08 13:31:55 API is listening in the port:  8080
2022/07/08 13:32:16 Checking whether User exists.
2022/07/08 13:32:16 {0 false   password1 justin@test.com 0 false 0 [] [] [] 0001-01-01 00:00:00 +0000 UTC 0001-01-01 00:00:00 +0000 UTC 0001-01-01 00:00:00 +0000 UTC}
2022/07/08 13:32:16 User has been deactivated by Admin
2022/07/08 13:32:22 Checking whether User exists.
2022/07/08 13:32:22 {0 false   password2 justin@test.com 0 false 0 [] [] [] 0001-01-01 00:00:00 +0000 UTC 0001-01-01 00:00:00 +0000 UTC 0001-01-01 00:00:00 +0000 UTC}
2022/07/08 13:32:22 User has been deactivated by Admin
2022/07/08 13:32:34 Checking whether User exists.
2022/07/08 13:32:34 {0 false   password2 kk@test.com 0 false 0 [] [] [] 0001-01-01 00:00:00 +0000 UTC 0001-01-01 00:00:00 +0000 UTC 0001-01-01 00:00:00 +0000 UTC}
2022/07/08 13:32:34 User has been deactivated by Admin
2022/07/08 13:39:39 First log
2022/07/08 13:39:39 Database connection was succesful
2022/07/08 13:39:39 API is listening in the port:  8080
2022/07/08 13:39:46 Checking whether User exists.
2022/07/08 13:39:46 {0 false   password2 kk@test.com 0 false 0 [] [] [] 0001-01-01 00:00:00 +0000 UTC 0001-01-01 00:00:00 +0000 UTC 0001-01-01 00:00:00 +0000 UTC}
2022/07/08 13:39:46 User has been deactivated by Admin
2022/07/08 13:40:23 Checking whether User exists.
2022/07/08 13:40:23 {0 false   password2 kk@test.com 0 false 0 [] [] [] 0001-01-01 00:00:00 +0000 UTC 0001-01-01 00:00:00 +0000 UTC 0001-01-01 00:00:00 +0000 UTC}
2022/07/08 13:40:23 User has been deactivated by Admin
2022/07/08 13:42:06 Failed to add category
2022/07/08 13:44:18 Failed to add category
2022/07/08 13:44:36 Failed to add category
2022/07/08 13:46:48 Found Category
2022/07/08 13:52:39 First log
2022/07/08 13:52:39 Database connection was succesful
2022/07/08 13:52:39 API is listening in the port:  8080
2022/07/08 13:52:45 Failed to add category
2022/07/08 13:53:38 First log
2022/07/08 13:53:38 Database connection was succesful
2022/07/08 13:53:38 API is listening in the port:  8080
2022/07/08 13:55:18 First log
2022/07/08 13:55:19 Database connection was succesful
2022/07/08 13:55:19 API is listening in the port:  8080
2022/07/08 13:55:23 First log
2022/07/08 13:55:23 Database connection was succesful
2022/07/08 13:55:23 API is listening in the port:  8080
2022/07/08 13:56:10 First log
2022/07/08 13:56:10 Database connection was succesful
2022/07/08 13:56:10 API is listening in the port:  8080
2022/07/08 13:56:48 First log
2022/07/08 13:56:48 Database connection was succesful
2022/07/08 13:56:48 API is listening in the port:  8080
2022/07/08 13:59:07 First log
2022/07/08 13:59:07 Database connection was succesful
2022/07/08 13:59:07 API is listening in the port:  8080
2022/07/08 14:00:09 First log
2022/07/08 14:00:09 Database connection was succesful
2022/07/08 14:00:09 API is listening in the port:  8080
2022/07/08 14:01:23 First log
2022/07/08 14:01:23 Database connection was succesful
2022/07/08 14:01:23 API is listening in the port:  8080
2022/07/08 14:02:11 First log
2022/07/08 14:02:11 Database connection was succesful
2022/07/08 14:02:11 API is listening in the port:  8181
2022/07/08 14:02:24 Failed to add category
2022/07/08 14:27:24 First log
2022/07/08 14:27:24 Database connection was succesful
2022/07/08 14:27:24 API is listening in the port:  8080
2022/07/08 14:27:31 Successfuly added author
2022/07/08 14:30:01 category added by admin
2022/07/12 21:01:56 New Run!
2022/07/12 21:01:58 Database connection was succesful
2022/07/12 21:01:58 API is listening in the port:  8080
2022/07/12 21:02:34 Checking whether user exists.
2022/07/12 21:02:36 Hashed Password:  7c6a180b36896a0a8c02787eeafb0e4c
2022/07/12 21:02:37 Signed Up Successfully
2022/07/12 21:49:55 New Run!
2022/07/12 21:49:55 Database connection was succesful
2022/07/12 21:49:55 API is listening in the port:  8080
2022/07/12 21:50:03 Checking whether user exists.
2022/07/12 21:50:03 Hashed Password:  7c6a180b36896a0a8c02787eeafb0e4c
2022/07/12 21:50:03 Signed Up Successfully
2022/07/12 21:50:43 Checking whether User exists.
2022/07/12 21:50:43 User exists.
2022/07/12 21:50:43 User login sucessful
2022/07/12 21:51:03 Error - no query execution - Product View pq: syntax error at or near "JOIN"
2022/07/12 21:51:03 Sucess in Viewing Products
2022/07/12 21:53:19 Checking whether Admin exists.
2022/07/12 21:53:19 Entered wrong admin details
2022/07/12 21:53:53 Checking whether Admin exists.
2022/07/12 21:53:53 Entered wrong admin details
2022/07/12 21:54:05 Checking whether Admin exists.
2022/07/12 21:54:05 Entered wrong admin details
2022/07/12 22:04:12 New Run!
2022/07/12 22:04:13 Database connection was succesful
2022/07/12 22:04:13 API is listening in the port:  8080
2022/07/12 22:04:21 Checking whether Admin exists.
2022/07/12 22:04:21 Entered wrong admin details
2022/07/12 22:04:59 New Run!
2022/07/12 22:04:59 Database connection was succesful
2022/07/12 22:04:59 API is listening in the port:  8080
2022/07/12 22:05:06 Checking whether Admin exists.
2022/07/12 22:05:06 Entered wrong admin details
2022/07/12 22:09:49 New Run!
2022/07/12 22:09:49 Database connection was succesful
2022/07/12 22:09:49 API is listening in the port:  8080
2022/07/12 22:09:57 Checking whether Admin exists.
2022/07/12 22:09:57 Entered wrong admin details
2022/07/12 22:11:07 New Run!
2022/07/12 22:11:07 Database connection was succesful
2022/07/12 22:11:07 API is listening in the port:  8080
2022/07/12 22:11:14 Checking whether Admin exists.
2022/07/12 22:11:14 Entered wrong admin details
2022/07/12 22:11:49 New Run!
2022/07/12 22:11:49 Database connection was succesful
2022/07/12 22:11:49 API is listening in the port:  8080
2022/07/12 22:11:59 Checking whether Admin exists.
2022/07/12 22:11:59 Entered wrong admin details
2022/07/12 22:12:57 New Run!
2022/07/12 22:12:57 Database connection was succesful
2022/07/12 22:12:57 API is listening in the port:  8080
2022/07/12 22:13:02 Checking whether Admin exists.
2022/07/12 22:13:02 Entered wrong admin details
2022/07/12 22:22:25 Checking whether Admin exists.
2022/07/12 22:22:25 Entered wrong admin details
2022/07/12 22:22:46 New Run!
2022/07/12 22:22:46 Database connection was succesful
2022/07/12 22:22:46 API is listening in the port:  8080
2022/07/12 22:22:52 Checking whether Admin exists.
2022/07/12 22:22:52 Please enter correct admin details
2022/07/12 22:25:07 New Run!
2022/07/12 22:25:08 Database connection was succesful
2022/07/12 22:25:08 API is listening in the port:  8080
2022/07/12 22:25:14 Checking whether Admin exists.
2022/07/12 22:25:14 Please enter correct admin details
2022/07/12 22:31:36 New Run!
2022/07/12 22:31:36 Database connection was succesful
2022/07/12 22:31:36 API is listening in the port:  8080
2022/07/12 22:31:41 Checking whether Admin exists.
2022/07/12 22:31:41 Please enter correct admin details
2022/07/12 22:35:19 New Run!
2022/07/12 22:35:19 Database connection was succesful
2022/07/12 22:35:19 API is listening in the port:  8080
2022/07/12 22:35:29 Checking whether User exists.
2022/07/12 22:35:29 User exists.
2022/07/12 22:35:29 User login sucessful
2022/07/12 22:37:32 New Run!
2022/07/12 22:37:32 Database connection was succesful
2022/07/12 22:37:32 API is listening in the port:  8080
2022/07/12 22:37:40 Checking whether User exists.
2022/07/12 22:37:40 User exists.
2022/07/12 22:37:40 User login sucessful
2022/07/12 22:37:51 Checking whether Admin exists.
2022/07/12 22:37:51 Successfull Admin Login
2022/07/12 22:49:23 New Run!
2022/07/12 22:49:23 Database connection was succesful
2022/07/12 22:49:23 API is listening in the port:  8080
2022/07/13 09:41:16 New Run!
2022/07/13 09:41:17 Database connection was succesful
2022/07/13 09:41:17 API is listening in the port:  8080
2022/07/13 10:16:55 New Run!
2022/07/13 10:16:55 Database connection was succesful
2022/07/13 10:16:55 API is listening in the port:  8080
2022/07/13 10:23:12 New Run!
2022/07/13 10:23:12 Database connection was succesful
2022/07/13 10:23:12 API is listening in the port:  8080
2022/07/13 10:28:44 New Run!
2022/07/13 10:28:44 Database connection was succesful
2022/07/13 10:28:44 API is listening in the port:  8080
2022/07/13 10:33:04 New Run!
2022/07/13 10:33:04 Database connection was succesful
2022/07/13 10:33:04 API is listening in the port:  8080
2022/07/13 10:35:05 Product added by admin
2022/07/13 10:37:35 New Run!
2022/07/13 10:37:36 Database connection was succesful
2022/07/13 10:37:36 API is listening in the port:  8080
2022/07/13 10:37:46 Error in Executing Query for Product View: pq: syntax error at or near "JOIN"
2022/07/13 10:39:31 New Run!
2022/07/13 10:39:31 Database connection was succesful
2022/07/13 10:39:31 API is listening in the port:  8080
2022/07/13 10:39:41 Error in Executing Query for Product View: pq: column product.product_category does not exist
2022/07/13 10:51:55 New Run!
2022/07/13 10:51:55 Database connection was succesful
2022/07/13 10:51:55 API is listening in the port:  8080
2022/07/13 10:52:03 Products are visible to the admin
2022/07/13 10:52:20 Products are visible to the admin
2022/07/13 10:56:41 New Run!
2022/07/13 10:56:41 Database connection was succesful
2022/07/13 10:56:41 API is listening in the port:  8080
2022/07/13 10:57:57 error parsing jwt:  token is expired by 93h34m46s
2022/07/13 10:57:57 Token Invalid.
2022/07/13 10:57:57 Invalid Token
2022/07/13 10:58:30 Failed to add category
2022/07/13 11:04:59 Failed to add category
2022/07/13 11:05:27 New Run!
2022/07/13 11:05:27 Database connection was succesful
2022/07/13 11:05:27 API is listening in the port:  8080
2022/07/13 11:05:36 Failed to add category
2022/07/13 11:06:11 New Run!
2022/07/13 11:06:11 Database connection was succesful
2022/07/13 11:06:11 API is listening in the port:  8080
2022/07/13 11:06:17 Failed to add category
2022/07/13 11:06:58 New Run!
2022/07/13 11:06:58 Database connection was succesful
2022/07/13 11:06:58 API is listening in the port:  8080
2022/07/13 11:07:05 category added by admin
2022/07/13 11:10:33 New Run!
2022/07/13 11:10:33 Database connection was succesful
2022/07/13 11:10:33 API is listening in the port:  8080
2022/07/13 11:11:26 error parsing jwt:  token is expired by 93h48m15s
2022/07/13 11:11:26 Token Invalid.
2022/07/13 11:11:26 Invalid Token
2022/07/13 11:11:55 error adding author
2022/07/13 11:12:40 New Run!
2022/07/13 11:12:40 Database connection was succesful
2022/07/13 11:12:40 API is listening in the port:  8080
2022/07/13 11:12:50 error adding author
2022/07/13 11:14:07 New Run!
2022/07/13 11:14:08 Database connection was succesful
2022/07/13 11:14:08 API is listening in the port:  8080
2022/07/13 11:14:18 Successfuly added author
2022/07/13 11:14:50 Sucessfully found author
2022/07/13 11:15:18 Found Category
2022/07/13 11:16:29 Sucess in Viewing Products
2022/07/13 11:40:41 New Run!
2022/07/13 11:40:41 Database connection was succesful
2022/07/13 11:40:41 API is listening in the port:  8080
2022/07/13 11:40:49 Checking whether Admin exists.
2022/07/13 11:40:49 Successfull Admin Login
2022/07/13 11:52:06 category added by admin
2022/07/13 11:52:21 Successfuly added author
2022/07/13 12:02:31 New Run!
2022/07/13 12:02:31 Database connection was succesful
2022/07/13 12:02:31 API is listening in the port:  8080
2022/07/13 12:03:31 New Run!
2022/07/13 12:03:32 Database connection was succesful
2022/07/13 12:03:32 API is listening in the port:  8080
2022/07/13 12:11:33 New Run!
2022/07/13 12:11:33 Database connection was succesful
2022/07/13 12:11:33 API is listening in the port:  8080
2022/07/13 12:14:02 Product added by admin
2022/07/13 12:16:17 Successfuly added author
2022/07/13 12:16:21 category added by admin
2022/07/13 12:16:54 Product added by admin
2022/07/13 12:19:08 Product added by admin
2022/07/13 12:20:52 Product added by admin
2022/07/13 19:41:35 New Run!
2022/07/13 19:41:35 Database connection was succesful
2022/07/13 19:41:35 API is listening in the port:  8080
2022/07/13 19:41:49 Found Category
2022/07/13 19:42:02 Sucessfully found author
2022/07/13 19:42:15 Products are visible to the admin
2022/07/13 19:44:27 Sucess in Viewing Products
2022/07/14 10:08:24 New Run!
2022/07/14 10:08:25 Database connection was succesful
2022/07/14 10:08:25 API is listening in the port:  8080
2022/07/14 10:09:36 Checking whether user exists.
2022/07/14 10:09:36 Hashed Password:  7c6a180b36896a0a8c02787eeafb0e4c
2022/07/14 10:09:36 Signed Up Successfully
2022/07/14 10:09:57 Checking whether User exists.
2022/07/14 10:09:57 User exists.
2022/07/14 10:09:57 User login sucessful
2022/07/14 10:13:21 Error adding to cart
2022/07/14 10:14:25 New Run!
2022/07/14 10:14:25 Database connection was succesful
2022/07/14 10:14:25 API is listening in the port:  8080
2022/07/14 10:14:35 Error adding to cart
2022/07/14 10:20:48 Error adding to cart
2022/07/14 10:21:36 Error adding to cart
2022/07/14 10:22:18 Product added to cart
2022/07/14 10:31:47 New Run!
2022/07/14 10:31:47 Database connection was succesful
2022/07/14 10:31:47 API is listening in the port:  8080
2022/07/14 10:31:59 Success viewing cart
2022/07/14 10:32:17 Success viewing cart
2022/07/14 10:33:46 Success viewing cart
2022/07/14 10:33:56 Success viewing cart
2022/07/14 10:38:13 New Run!
2022/07/14 10:38:13 Database connection was succesful
2022/07/14 10:38:13 API is listening in the port:  8080
2022/07/14 10:38:29 Error viewing cart
2022/07/14 10:39:03 Error viewing cart
2022/07/14 10:42:55 New Run!
2022/07/14 10:42:56 Database connection was succesful
2022/07/14 10:42:56 API is listening in the port:  8080
2022/07/14 10:43:04 Success viewing cart
2022/07/14 10:44:32 New Run!
2022/07/14 10:44:32 Database connection was succesful
2022/07/14 10:44:32 API is listening in the port:  8080
2022/07/14 10:44:38 Error viewing cart
2022/07/14 10:45:21 New Run!
2022/07/14 10:45:21 Database connection was succesful
2022/07/14 10:45:21 API is listening in the port:  8080
2022/07/14 10:45:29 Error viewing cart
2022/07/14 10:47:19 New Run!
2022/07/14 10:47:20 Database connection was succesful
2022/07/14 10:47:20 API is listening in the port:  8080
2022/07/14 10:47:27 Success viewing cart
2022/07/14 10:55:07 New Run!
2022/07/14 10:55:07 Database connection was succesful
2022/07/14 10:55:07 API is listening in the port:  8080
2022/07/14 10:55:14 Error viewing cart
2022/07/14 11:24:41 New Run!
2022/07/14 11:24:41 Database connection was succesful
2022/07/14 11:24:41 API is listening in the port:  8080
2022/07/14 11:24:51 Error viewing cart
2022/07/14 11:27:37 New Run!
2022/07/14 11:27:37 Database connection was succesful
2022/07/14 11:27:37 API is listening in the port:  8080
2022/07/14 11:27:48 Success viewing cart
2022/07/14 11:33:40 New Run!
2022/07/14 11:33:40 Database connection was succesful
2022/07/14 11:33:40 API is listening in the port:  8080
2022/07/14 11:33:49 Error viewing cart
2022/07/14 11:34:22 New Run!
2022/07/14 11:34:22 Database connection was succesful
2022/07/14 11:34:22 API is listening in the port:  8080
2022/07/14 11:34:34 Success viewing cart
2022/07/14 11:40:06 New Run!
2022/07/14 11:40:06 Database connection was succesful
2022/07/14 11:40:06 API is listening in the port:  8080
2022/07/14 11:40:14 Success viewing cart
2022/07/14 11:41:58 New Run!
2022/07/14 11:41:58 Database connection was succesful
2022/07/14 11:41:58 API is listening in the port:  8080
2022/07/14 11:42:04 Success viewing cart
2022/07/14 14:24:23 New Run!
2022/07/14 14:24:23 Database connection was succesful
2022/07/14 14:24:23 API is listening in the port:  8080
2022/07/14 14:24:41 error parsing jwt:  token is expired by 15h46m50s
2022/07/14 14:24:41 Token Invalid.
2022/07/14 14:24:41 Invalid Token
2022/07/14 14:24:51 Checking whether Admin exists.
2022/07/14 14:24:51 Successfull Admin Login
2022/07/14 14:25:09 Products are visible to the admin
2022/07/14 14:26:02 New Run!
2022/07/14 14:26:03 Database connection was succesful
2022/07/14 14:26:03 API is listening in the port:  8080
2022/07/14 14:26:09 Products are visible to the admin
2022/07/14 14:37:40 New Run!
2022/07/14 14:37:40 Database connection was succesful
2022/07/14 14:37:40 API is listening in the port:  8080
2022/07/14 14:38:06 Error converting string to int strconv.Atoi: parsing "": invalid syntax
2022/07/14 14:38:54 New Run!
2022/07/14 14:38:54 Database connection was succesful
2022/07/14 14:38:54 API is listening in the port:  8080
2022/07/14 14:39:01 Error in Executing Query for Product View: pq: OFFSET must not be negative
2022/07/14 14:40:15 Error in Executing Query for Product View: pq: OFFSET must not be negative
2022/07/14 14:48:42 New Run!
2022/07/14 14:48:42 Database connection was succesful
2022/07/14 14:48:42 API is listening in the port:  8080
2022/07/14 15:00:40 New Run!
2022/07/14 15:00:40 Database connection was succesful
2022/07/14 15:00:40 API is listening in the port:  8080
2022/07/14 15:01:56 New Run!
2022/07/14 15:01:56 Database connection was succesful
2022/07/14 15:01:56 API is listening in the port:  8080
2022/07/14 15:03:56 New Run!
2022/07/14 15:03:56 Database connection was succesful
2022/07/14 15:03:56 API is listening in the port:  8080
2022/07/14 15:18:02 New Run!
2022/07/14 15:18:02 Database connection was succesful
2022/07/14 15:18:02 API is listening in the port:  8080
2022/07/14 15:18:54 New Run!
2022/07/14 15:18:54 Database connection was succesful
2022/07/14 15:18:54 API is listening in the port:  8080
2022/07/14 15:19:29 New Run!
2022/07/14 15:19:30 Database connection was succesful
2022/07/14 15:19:30 API is listening in the port:  8080
2022/07/14 15:19:41 Parameters 0
2022/07/14 15:19:41 Error converting string to int strconv.Atoi: parsing "": invalid syntax
2022/07/14 15:30:17 New Run!
2022/07/14 15:30:17 Database connection was succesful
2022/07/14 15:30:17 API is listening in the port:  8080
2022/07/14 15:30:33 Products are visible to the admin
2022/07/14 15:31:01 Products are visible to the admin
2022/07/14 15:33:54 New Run!
2022/07/14 15:33:54 Database connection was succesful
2022/07/14 15:33:54 API is listening in the port:  8080
2022/07/14 15:34:01 Products are visible to the admin
2022/07/14 15:34:21 Products are visible to the admin
2022/07/14 15:34:33 Products are visible to the admin
2022/07/14 15:34:44 Products are visible to the admin
2022/07/15 10:17:07 New Run!
2022/07/15 10:17:07 Database connection was succesful
2022/07/15 10:17:07 API is listening in the port:  8080
2022/07/15 10:19:20 New Run!
2022/07/15 10:19:20 Database connection was succesful
2022/07/15 10:19:20 API is listening in the port:  8080
2022/07/15 10:21:11 New Run!
2022/07/15 10:21:11 Database connection was succesful
2022/07/15 10:21:11 API is listening in the port:  8080
2022/07/15 10:21:21 Checking whether Admin exists.
2022/07/15 10:21:21 Successfull Admin Login
2022/07/15 10:23:23 Updated the Product Active Status
2022/07/15 10:25:59 New Run!
2022/07/15 10:25:59 Database connection was succesful
2022/07/15 10:25:59 API is listening in the port:  8080
2022/07/15 10:26:10 Updated the Product Active Status
2022/07/15 10:31:13 New Run!
2022/07/15 10:31:13 Database connection was succesful
2022/07/15 10:31:13 API is listening in the port:  8080
2022/07/15 10:31:22 Updated the Product Active Status
2022/07/15 10:32:56 New Run!
2022/07/15 10:32:56 Database connection was succesful
2022/07/15 10:32:56 API is listening in the port:  8080
2022/07/15 10:33:06 Updated the Product Active Status
2022/07/15 10:35:45 Updated the Product Active Status
2022/07/15 10:47:23 New Run!
2022/07/15 10:47:23 Database connection was succesful
2022/07/15 10:47:23 API is listening in the port:  8080
2022/07/15 10:47:30 updated the product active status
2022/07/15 10:51:53 New Run!
2022/07/15 10:51:53 Database connection was succesful
2022/07/15 10:51:53 API is listening in the port:  8080
2022/07/15 10:52:03 Checking whether user exists.
2022/07/15 10:52:03 Hashed Password:  7c6a180b36896a0a8c02787eeafb0e4c
2022/07/15 10:52:03 Signed Up Successfully
2022/07/15 10:52:36 Checking whether User exists.
2022/07/15 10:52:36 User exists.
2022/07/15 10:52:36 User login sucessful
2022/07/15 10:52:58 Sucess in Viewing Products
2022/07/15 11:00:42 New Run!
2022/07/15 11:00:42 Database connection was succesful
2022/07/15 11:00:42 API is listening in the port:  8080
2022/07/15 11:00:55 Error converting string to int strconv.Atoi: parsing "": invalid syntax
2022/07/15 11:01:17 Sucess in Viewing Products
2022/07/15 11:02:40 error parsing jwt:  token is expired by 52m43s
2022/07/15 11:02:40 Token Invalid.
2022/07/15 11:02:40 Invalid Token
2022/07/15 11:03:02 Product added to cart
2022/07/15 11:03:19 Success viewing cart
2022/07/15 11:29:32 New Run!
2022/07/15 11:29:32 Database connection was succesful
2022/07/15 11:29:32 API is listening in the port:  8080
2022/07/15 11:29:41 Checking whether User exists.
2022/07/15 11:29:41 User exists.
2022/07/15 11:29:41 User login sucessful
2022/07/15 11:31:52 New Run!
2022/07/15 11:31:52 Database connection was succesful
2022/07/15 11:31:52 API is listening in the port:  8080
2022/07/15 11:31:58 Checking whether User exists.
2022/07/15 11:31:58 user details 3
2022/07/15 11:31:58 User exists.
2022/07/15 11:31:58 User login sucessful
2022/07/15 11:33:01 New Run!
2022/07/15 11:33:01 Database connection was succesful
2022/07/15 11:33:01 API is listening in the port:  8080
2022/07/15 11:33:06 Checking whether User exists.
2022/07/15 11:33:06 user details 0
2022/07/15 11:33:06 User exists.
2022/07/15 11:33:06 User login sucessful
2022/07/15 11:35:23 New Run!
2022/07/15 11:35:23 Database connection was succesful
2022/07/15 11:35:23 API is listening in the port:  8080
2022/07/15 11:35:31 Checking whether User exists.
2022/07/15 11:35:31 User exists.
2022/07/15 11:35:31 User login sucessful
2022/07/15 11:56:00 New Run!
2022/07/15 11:56:00 Database connection was succesful
2022/07/15 11:56:00 API is listening in the port:  8080
2022/07/15 11:56:06 Checking whether User exists.
2022/07/15 11:56:06 User exists.
2022/07/15 11:56:06 jwt Secret key:  
2022/07/15 11:56:06 User login sucessful
2022/07/15 12:01:12 New Run!
2022/07/15 12:01:12 Database connection was succesful
2022/07/15 12:01:12 API is listening in the port:  8080
2022/07/15 12:01:18 Checking whether User exists.
2022/07/15 12:01:18 User exists.
2022/07/15 12:01:18 jwt Secret key:  []
2022/07/15 12:01:18 User login sucessful
2022/07/15 12:07:01 New Run!
2022/07/15 12:07:01 Database connection was succesful
2022/07/15 12:07:01 API is listening in the port:  8080
2022/07/15 12:07:07 Checking whether User exists.
2022/07/15 12:07:07 User exists.
2022/07/15 12:07:07 jwt Secret key:  [116 42 105 115 47 84 56 104 101 47 115 101 99 42 42 116 75 101 38]
2022/07/15 12:07:07 User login sucessful
2022/07/15 12:13:03 New Run!
2022/07/15 12:13:03 Database connection was succesful
2022/07/15 12:13:03 API is listening in the port:  8080
2022/07/15 12:13:09 Checking whether User exists.
2022/07/15 12:13:09 User exists.
2022/07/15 12:13:09 jwt Secret key:  t*is/T8he/sec**tKe&
2022/07/15 12:13:09 User login sucessful
2022/07/15 12:18:30 New Run!
2022/07/15 12:18:30 Database connection was succesful
2022/07/15 12:18:30 API is listening in the port:  8080
2022/07/15 12:18:36 Checking whether User exists.
2022/07/15 12:18:36 User exists.
2022/07/15 12:18:36 jwt Secret key:  t*is/T8he/sec**tKe&
2022/07/15 12:18:36 User login sucessful
2022/07/15 12:18:59 auth : bearer Bearer eyJhbGciOiJIUzI1NiIsInR5cCI6IkpXVCJ9.eyJVc2VyX0lEIjowLCJGaXJzdF9OYW1lIjoiSnVzdGluMiIsIkxhc3RfTmFtZSI6IkpvaG4yIiwiRW1haWwiOiJqdXN0aW4yQHRlc3QuY29tIiwiUGhvbmVfTnVtYmVyIjoxMjM0NTY3ODkwLCJleHAiOjE2NTc5NDg5NTZ9.jisWwOPINV7R6maIjHlEMwYYhu8LjcK4R-esApgqF6M [Bearer eyJhbGciOiJIUzI1NiIsInR5cCI6IkpXVCJ9.eyJVc2VyX0lEIjowLCJGaXJzdF9OYW1lIjoiSnVzdGluMiIsIkxhc3RfTmFtZSI6IkpvaG4yIiwiRW1haWwiOiJqdXN0aW4yQHRlc3QuY29tIiwiUGhvbmVfTnVtYmVyIjoxMjM0NTY3ODkwLCJleHAiOjE2NTc5NDg5NTZ9.jisWwOPINV7R6maIjHlEMwYYhu8LjcK4R-esApgqF6M]
2022/07/15 12:18:59 error parsing jwt:  signature is invalid
2022/07/15 12:18:59 Token Invalid.
2022/07/15 12:18:59 Invalid Token
2022/07/15 12:22:17 New Run!
2022/07/15 12:22:17 Database connection was succesful
2022/07/15 12:22:17 API is listening in the port:  8080
2022/07/15 12:22:29 Checking whether User exists.
2022/07/15 12:22:29 User exists.
2022/07/15 12:22:29 User login sucessful
2022/07/15 12:23:14 New Run!
2022/07/15 12:23:14 Database connection was succesful
2022/07/15 12:23:14 API is listening in the port:  8080
2022/07/15 12:23:25 Checking whether User exists.
2022/07/15 12:23:25 User exists.
2022/07/15 12:23:25 User login sucessful
2022/07/15 12:23:44 auth : bearer Bearer eyJhbGciOiJIUzI1NiIsInR5cCI6IkpXVCJ9.eyJVc2VyX0lEIjowLCJGaXJzdF9OYW1lIjoiSnVzdGluMiIsIkxhc3RfTmFtZSI6IkpvaG4yIiwiRW1haWwiOiJqdXN0aW4yQHRlc3QuY29tIiwiUGhvbmVfTnVtYmVyIjoxMjM0NTY3ODkwLCJleHAiOjE2NTc5NDg5NTZ9.jisWwOPINV7R6maIjHlEMwYYhu8LjcK4R-esApgqF6M [Bearer eyJhbGciOiJIUzI1NiIsInR5cCI6IkpXVCJ9.eyJVc2VyX0lEIjowLCJGaXJzdF9OYW1lIjoiSnVzdGluMiIsIkxhc3RfTmFtZSI6IkpvaG4yIiwiRW1haWwiOiJqdXN0aW4yQHRlc3QuY29tIiwiUGhvbmVfTnVtYmVyIjoxMjM0NTY3ODkwLCJleHAiOjE2NTc5NDg5NTZ9.jisWwOPINV7R6maIjHlEMwYYhu8LjcK4R-esApgqF6M]
2022/07/15 12:23:44 error parsing jwt:  signature is invalid
2022/07/15 12:23:44 Token Invalid.
2022/07/15 12:23:44 Invalid Token
2022/07/15 12:24:00 auth : bearer Bearer eyJhbGciOiJIUzI1NiIsInR5cCI6IkpXVCJ9.eyJVc2VyX0lEIjozLCJGaXJzdF9OYW1lIjoiSnVzdGluMiIsIkxhc3RfTmFtZSI6IkpvaG4yIiwiRW1haWwiOiJqdXN0aW4yQHRlc3QuY29tIiwiUGhvbmVfTnVtYmVyIjoxMjM0NTY3ODkwLCJleHAiOjE2NTc5NTQ0MDV9.FKmpQ-5i8zh3Y6L6-Jo3cD-uOGxbY7F65XqLTE4jnc4 [Bearer eyJhbGciOiJIUzI1NiIsInR5cCI6IkpXVCJ9.eyJVc2VyX0lEIjozLCJGaXJzdF9OYW1lIjoiSnVzdGluMiIsIkxhc3RfTmFtZSI6IkpvaG4yIiwiRW1haWwiOiJqdXN0aW4yQHRlc3QuY29tIiwiUGhvbmVfTnVtYmVyIjoxMjM0NTY3ODkwLCJleHAiOjE2NTc5NTQ0MDV9.FKmpQ-5i8zh3Y6L6-Jo3cD-uOGxbY7F65XqLTE4jnc4]
2022/07/15 12:24:00 Sucess in Viewing Products
2022/07/15 12:34:17 auth : bearer Bearer eyJhbGciOiJIUzI1NiIsInR5cCI6IkpXVCJ9.eyJVc2VyX0lEIjozLCJGaXJzdF9OYW1lIjoiSnVzdGluMiIsIkxhc3RfTmFtZSI6IkpvaG4yIiwiRW1haWwiOiJqdXN0aW4yQHRlc3QuY29tIiwiUGhvbmVfTnVtYmVyIjoxMjM0NTY3ODkwLCJleHAiOjE2NTc5NTQ0MDV9.FKmpQ-5i8zh3Y6L6-Jo3cD-uOGxbY7F65XqLTE4jnc4 [Bearer eyJhbGciOiJIUzI1NiIsInR5cCI6IkpXVCJ9.eyJVc2VyX0lEIjozLCJGaXJzdF9OYW1lIjoiSnVzdGluMiIsIkxhc3RfTmFtZSI6IkpvaG4yIiwiRW1haWwiOiJqdXN0aW4yQHRlc3QuY29tIiwiUGhvbmVfTnVtYmVyIjoxMjM0NTY3ODkwLCJleHAiOjE2NTc5NTQ0MDV9.FKmpQ-5i8zh3Y6L6-Jo3cD-uOGxbY7F65XqLTE4jnc4]
2022/07/15 12:34:17 Sucess in Viewing Products
2022/07/15 12:34:58 New Run!
2022/07/15 12:34:59 Database connection was succesful
2022/07/15 12:34:59 API is listening in the port:  8080
2022/07/15 12:35:05 auth : bearer Bearer eyJhbGciOiJIUzI1NiIsInR5cCI6IkpXVCJ9.eyJVc2VyX0lEIjozLCJGaXJzdF9OYW1lIjoiSnVzdGluMiIsIkxhc3RfTmFtZSI6IkpvaG4yIiwiRW1haWwiOiJqdXN0aW4yQHRlc3QuY29tIiwiUGhvbmVfTnVtYmVyIjoxMjM0NTY3ODkwLCJleHAiOjE2NTc5NTQ0MDV9.FKmpQ-5i8zh3Y6L6-Jo3cD-uOGxbY7F65XqLTE4jnc4 [Bearer eyJhbGciOiJIUzI1NiIsInR5cCI6IkpXVCJ9.eyJVc2VyX0lEIjozLCJGaXJzdF9OYW1lIjoiSnVzdGluMiIsIkxhc3RfTmFtZSI6IkpvaG4yIiwiRW1haWwiOiJqdXN0aW4yQHRlc3QuY29tIiwiUGhvbmVfTnVtYmVyIjoxMjM0NTY3ODkwLCJleHAiOjE2NTc5NTQ0MDV9.FKmpQ-5i8zh3Y6L6-Jo3cD-uOGxbY7F65XqLTE4jnc4]
2022/07/15 12:35:05 Payload 0xc000042210
2022/07/15 12:35:05 Sucess in Viewing Products
2022/07/15 13:07:25 New Run!
2022/07/15 13:07:25 Database connection was succesful
2022/07/15 13:07:25 API is listening in the port:  8080
2022/07/15 13:07:37 auth : bearer Bearer eyJhbGciOiJIUzI1NiIsInR5cCI6IkpXVCJ9.eyJVc2VyX0lEIjozLCJGaXJzdF9OYW1lIjoiSnVzdGluMiIsIkxhc3RfTmFtZSI6IkpvaG4yIiwiRW1haWwiOiJqdXN0aW4yQHRlc3QuY29tIiwiUGhvbmVfTnVtYmVyIjoxMjM0NTY3ODkwLCJleHAiOjE2NTc5NTQ0MDV9.FKmpQ-5i8zh3Y6L6-Jo3cD-uOGxbY7F65XqLTE4jnc4 [Bearer eyJhbGciOiJIUzI1NiIsInR5cCI6IkpXVCJ9.eyJVc2VyX0lEIjozLCJGaXJzdF9OYW1lIjoiSnVzdGluMiIsIkxhc3RfTmFtZSI6IkpvaG4yIiwiRW1haWwiOiJqdXN0aW4yQHRlc3QuY29tIiwiUGhvbmVfTnVtYmVyIjoxMjM0NTY3ODkwLCJleHAiOjE2NTc5NTQ0MDV9.FKmpQ-5i8zh3Y6L6-Jo3cD-uOGxbY7F65XqLTE4jnc4]
2022/07/15 13:07:37 Payload 
2022/07/15 13:07:37 Sucess in Viewing Products
2022/07/15 13:41:03 New Run!
2022/07/15 13:41:03 Database connection was succesful
2022/07/15 13:41:03 API is listening in the port:  8080
2022/07/15 13:41:17 auth : bearer Bearer eyJhbGciOiJIUzI1NiIsInR5cCI6IkpXVCJ9.eyJVc2VyX0lEIjozLCJGaXJzdF9OYW1lIjoiSnVzdGluMiIsIkxhc3RfTmFtZSI6IkpvaG4yIiwiRW1haWwiOiJqdXN0aW4yQHRlc3QuY29tIiwiUGhvbmVfTnVtYmVyIjoxMjM0NTY3ODkwLCJleHAiOjE2NTc5NTQ0MDV9.FKmpQ-5i8zh3Y6L6-Jo3cD-uOGxbY7F65XqLTE4jnc4 [Bearer eyJhbGciOiJIUzI1NiIsInR5cCI6IkpXVCJ9.eyJVc2VyX0lEIjozLCJGaXJzdF9OYW1lIjoiSnVzdGluMiIsIkxhc3RfTmFtZSI6IkpvaG4yIiwiRW1haWwiOiJqdXN0aW4yQHRlc3QuY29tIiwiUGhvbmVfTnVtYmVyIjoxMjM0NTY3ODkwLCJleHAiOjE2NTc5NTQ0MDV9.FKmpQ-5i8zh3Y6L6-Jo3cD-uOGxbY7F65XqLTE4jnc4]
2022/07/15 13:41:17 Sucess in Viewing Products
2022/07/15 13:42:07 New Run!
2022/07/15 13:42:07 Database connection was succesful
2022/07/15 13:42:07 API is listening in the port:  8080
2022/07/15 13:42:13 Sucess in Viewing Products
2022/07/15 13:42:32 Sucess in Viewing Products
2022/07/15 13:43:37 New Run!
2022/07/15 13:43:37 Database connection was succesful
2022/07/15 13:43:37 API is listening in the port:  8080
2022/07/15 13:43:45 Sucess in Viewing Products
2022/07/15 13:45:26 New Run!
2022/07/15 13:45:26 Database connection was succesful
2022/07/15 13:45:26 API is listening in the port:  8080
2022/07/15 13:45:31 token: eyJhbGciOiJIUzI1NiIsInR5cCI6IkpXVCJ9.eyJVc2VyX0lEIjozLCJGaXJzdF9OYW1lIjoiSnVzdGluMiIsIkxhc3RfTmFtZSI6IkpvaG4yIiwiRW1haWwiOiJqdXN0aW4yQHRlc3QuY29tIiwiUGhvbmVfTnVtYmVyIjoxMjM0NTY3ODkwLCJleHAiOjE2NTc5NTQ0MDV9.FKmpQ-5i8zh3Y6L6-Jo3cD-uOGxbY7F65XqLTE4jnc4
2022/07/15 13:45:31 Sucess in Viewing Products
2022/07/15 13:45:57 New Run!
2022/07/15 13:45:57 Database connection was succesful
2022/07/15 13:45:57 API is listening in the port:  8080
2022/07/15 13:46:03 Sucess in Viewing Products
2022/07/15 13:47:18 New Run!
2022/07/15 13:47:18 Database connection was succesful
2022/07/15 13:47:18 API is listening in the port:  8080
2022/07/15 13:47:24 Sucess in Viewing Products
2022/07/15 13:52:37 New Run!
2022/07/15 13:52:37 Database connection was succesful
2022/07/15 13:52:37 API is listening in the port:  8080
2022/07/15 13:52:54 error parsing jwt:  signature is invalid
2022/07/15 13:52:54 Token Invalid.
2022/07/15 13:52:54 Invalid Token
2022/07/15 13:53:15 error parsing jwt:  signature is invalid
2022/07/15 13:53:15 Token Invalid.
2022/07/15 13:53:15 Invalid Token
2022/07/15 13:59:28 Checking whether Admin exists.
2022/07/15 13:59:28 Successfull Admin Login
2022/07/15 14:01:29 error parsing jwt:  signature is invalid
2022/07/15 14:01:29 Token Invalid.
2022/07/15 14:01:29 Invalid Token
2022/07/15 14:07:51 Found Category
2022/07/15 14:08:11 Sucessfully found author
2022/07/15 14:08:27 Products are visible to the admin
2022/07/15 14:08:40 Products are visible to the admin
2022/07/15 14:08:52 updated the product active status
2022/07/15 14:09:30 New Run!
2022/07/15 14:09:30 Database connection was succesful
2022/07/15 14:09:30 API is listening in the port:  8080
2022/07/15 14:09:38 Products are visible to the admin
2022/07/15 14:14:09 updated the product active status
2022/07/15 14:15:40 New Run!
2022/07/15 14:15:40 Database connection was succesful
2022/07/15 14:15:40 API is listening in the port:  8080
2022/07/15 14:17:20 New Run!
2022/07/15 14:17:20 Database connection was succesful
2022/07/15 14:17:20 API is listening in the port:  8080
2022/07/15 14:17:27 unable to update product
2022/07/15 14:18:21 New Run!
2022/07/15 14:18:21 Database connection was succesful
2022/07/15 14:18:21 API is listening in the port:  8080
2022/07/15 14:18:28 Error blockUser sql: Scan error on column index 4, name "product_price": destination not a pointer
2022/07/15 14:18:28 unable to update product
2022/07/15 14:20:43 New Run!
2022/07/15 14:20:43 Database connection was succesful
2022/07/15 14:20:43 API is listening in the port:  8080
2022/07/15 14:20:51 Error blockUser <nil>
2022/07/15 14:20:51 updated the product active status
2022/07/15 14:43:44 New Run!
2022/07/15 14:43:44 Database connection was succesful
2022/07/15 14:43:44 API is listening in the port:  8080
2022/07/15 14:43:55 Parse Token &{eyJhbGciOiJIUzI1NiIsInR5cCI6IkpXVCJ9.eyJVc2VyX0lEIjoxLCJGaXJzdF9OYW1lIjoiSnVzdGluIiwiTGFzdF9OYW1lIjoiSm9obiIsIkVtYWlsIjoianVzdGluQGFkbWluLmNvbSIsIlBob25lX051bWJlciI6OTUzOTU5ODg1NSwiZXhwIjoxNjU3OTYwMTY4fQ.pwLboNqCGfr-SgoAUg20_XXsGP6vTQAliUmGrgeYH4g 0xc00009a138 map[alg:HS256 typ:JWT] 0xc0001532c0 pwLboNqCGfr-SgoAUg20_XXsGP6vTQAliUmGrgeYH4g true}
2022/07/15 14:43:55 generated token eyJhbGciOiJIUzI1NiIsInR5cCI6IkpXVCJ9.eyJVc2VyX0lEIjoxLCJGaXJzdF9OYW1lIjoiSnVzdGluIiwiTGFzdF9OYW1lIjoiSm9obiIsIkVtYWlsIjoianVzdGluQGFkbWluLmNvbSIsIlBob25lX051bWJlciI6OTUzOTU5ODg1NSwiZXhwIjoxNjU3OTYwMTY4fQ.pwLboNqCGfr-SgoAUg20_XXsGP6vTQAliUmGrgeYH4g
2022/07/15 14:43:55 Products are visible to the admin
2022/07/15 14:50:09 New Run!
2022/07/15 14:50:09 Database connection was succesful
2022/07/15 14:50:09 API is listening in the port:  8080
2022/07/15 14:50:26 Parse Token &{eyJhbGciOiJIUzI1NiIsInR5cCI6IkpXVCJ9.eyJVc2VyX0lEIjoxLCJGaXJzdF9OYW1lIjoiSnVzdGluIiwiTGFzdF9OYW1lIjoiSm9obiIsIkVtYWlsIjoianVzdGluQGFkbWluLmNvbSIsIlBob25lX051bWJlciI6OTUzOTU5ODg1NSwiZXhwIjoxNjU3OTYwMTY4fQ.pwLboNqCGfr-SgoAUg20_XXsGP6vTQAliUmGrgeYH4g 0xc000004150 map[alg:HS256 typ:JWT] 0xc0002ac000 pwLboNqCGfr-SgoAUg20_XXsGP6vTQAliUmGrgeYH4g true}
2022/07/15 14:50:26 generated token eyJhbGciOiJIUzI1NiIsInR5cCI6IkpXVCJ9.eyJVc2VyX0lEIjoxLCJGaXJzdF9OYW1lIjoiSnVzdGluIiwiTGFzdF9OYW1lIjoiSm9obiIsIkVtYWlsIjoianVzdGluQGFkbWluLmNvbSIsIlBob25lX051bWJlciI6OTUzOTU5ODg1NSwiZXhwIjoxNjU3OTYwMTY4fQ.pwLboNqCGfr-SgoAUg20_XXsGP6vTQAliUmGrgeYH4g
2022/07/15 14:50:26 User ID 
2022/07/15 14:50:26 Products are visible to the admin
2022/07/15 14:51:09 New Run!
2022/07/15 14:51:09 Database connection was succesful
2022/07/15 14:51:09 API is listening in the port:  8080
2022/07/15 14:51:22 Parse Token &{eyJhbGciOiJIUzI1NiIsInR5cCI6IkpXVCJ9.eyJVc2VyX0lEIjoxLCJGaXJzdF9OYW1lIjoiSnVzdGluIiwiTGFzdF9OYW1lIjoiSm9obiIsIkVtYWlsIjoianVzdGluQGFkbWluLmNvbSIsIlBob25lX051bWJlciI6OTUzOTU5ODg1NSwiZXhwIjoxNjU3OTYwMTY4fQ.pwLboNqCGfr-SgoAUg20_XXsGP6vTQAliUmGrgeYH4g 0xc000096138 map[alg:HS256 typ:JWT] 0xc000153360 pwLboNqCGfr-SgoAUg20_XXsGP6vTQAliUmGrgeYH4g true}
2022/07/15 14:51:22 generated token eyJhbGciOiJIUzI1NiIsInR5cCI6IkpXVCJ9.eyJVc2VyX0lEIjoxLCJGaXJzdF9OYW1lIjoiSnVzdGluIiwiTGFzdF9OYW1lIjoiSm9obiIsIkVtYWlsIjoianVzdGluQGFkbWluLmNvbSIsIlBob25lX051bWJlciI6OTUzOTU5ODg1NSwiZXhwIjoxNjU3OTYwMTY4fQ.pwLboNqCGfr-SgoAUg20_XXsGP6vTQAliUmGrgeYH4g
2022/07/15 14:51:22 User ID 1
2022/07/15 14:51:22 Products are visible to the admin
